<?xml version="1.0" encoding="UTF-8"?>
<testng-results ignored="0" total="13" passed="11" failed="2" skipped="0">
  <reporter-output>
  </reporter-output>
  <suite started-at="2023-04-10T14:02:41 EET" name="Test Suite" finished-at="2023-04-10T14:03:28 EET" duration-ms="47076">
    <groups>
    </groups>
    <test started-at="2023-04-10T14:02:41 EET" name="User Tests" finished-at="2023-04-10T14:03:28 EET" duration-ms="47076">
      <class name="com.tests.allure.UserStatusServiceTest">
        <test-method is-config="true" signature="beToken()[pri:0, instance:com.tests.allure.UserStatusServiceTest@ccb4b1b]" started-at="2023-04-10T14:03:01 EET" name="beToken" finished-at="2023-04-10T14:03:08 EET" duration-ms="7418" status="PASS">
          <reporter-output>
          </reporter-output>
        </test-method> <!-- beToken -->
        <test-method signature="deleteUserStatusService()[pri:0, instance:com.tests.allure.UserStatusServiceTest@ccb4b1b]" started-at="2023-04-10T14:03:08 EET" name="deleteUserStatusService" finished-at="2023-04-10T14:03:12 EET" duration-ms="3442" status="FAIL">
          <exception class="java.lang.AssertionError">
            <message>
              <![CDATA[User Status Bulundu  expected [false] but found [true]]]>
            </message>
            <full-stacktrace>
              <![CDATA[java.lang.AssertionError: User Status Bulundu  expected [false] but found [true]
at org.testng.Assert.fail(Assert.java:110)
at org.testng.Assert.failNotEquals(Assert.java:1577)
at org.testng.Assert.assertFalse(Assert.java:78)
at com.tests.allure.UserStatusServiceTest.deleteUserStatusService(UserStatusServiceTest.java:147)
at java.base/jdk.internal.reflect.NativeMethodAccessorImpl.invoke0(Native Method)
at java.base/jdk.internal.reflect.NativeMethodAccessorImpl.invoke(NativeMethodAccessorImpl.java:62)
at java.base/jdk.internal.reflect.DelegatingMethodAccessorImpl.invoke(DelegatingMethodAccessorImpl.java:43)
at java.base/java.lang.reflect.Method.invoke(Method.java:566)
at org.testng.internal.invokers.MethodInvocationHelper.invokeMethod(MethodInvocationHelper.java:139)
at org.testng.internal.invokers.TestInvoker.invokeMethod(TestInvoker.java:677)
at org.testng.internal.invokers.TestInvoker.invokeTestMethod(TestInvoker.java:221)
at org.testng.internal.invokers.MethodRunner.runInSequence(MethodRunner.java:50)
at org.testng.internal.invokers.TestInvoker$MethodInvocationAgent.invoke(TestInvoker.java:969)
at org.testng.internal.invokers.TestInvoker.invokeTestMethods(TestInvoker.java:194)
at org.testng.internal.invokers.TestMethodWorker.invokeTestMethods(TestMethodWorker.java:148)
at org.testng.internal.invokers.TestMethodWorker.run(TestMethodWorker.java:128)
at java.base/java.util.ArrayList.forEach(ArrayList.java:1541)
at org.testng.TestRunner.privateRun(TestRunner.java:829)
at org.testng.TestRunner.run(TestRunner.java:602)
at org.testng.SuiteRunner.runTest(SuiteRunner.java:437)
at org.testng.SuiteRunner.runSequentially(SuiteRunner.java:431)
at org.testng.SuiteRunner.privateRun(SuiteRunner.java:391)
at org.testng.SuiteRunner.run(SuiteRunner.java:330)
at org.testng.SuiteRunnerWorker.runSuite(SuiteRunnerWorker.java:52)
at org.testng.SuiteRunnerWorker.run(SuiteRunnerWorker.java:95)
at org.testng.TestNG.runSuitesSequentially(TestNG.java:1256)
at org.testng.TestNG.runSuitesLocally(TestNG.java:1176)
at org.testng.TestNG.runSuites(TestNG.java:1099)
at org.testng.TestNG.run(TestNG.java:1067)
at org.apache.maven.surefire.testng.TestNGExecutor.run(TestNGExecutor.java:178)
at org.apache.maven.surefire.testng.TestNGXmlTestSuite.execute(TestNGXmlTestSuite.java:92)
at org.apache.maven.surefire.testng.TestNGProvider.invoke(TestNGProvider.java:96)
at java.base/jdk.internal.reflect.NativeMethodAccessorImpl.invoke0(Native Method)
at java.base/jdk.internal.reflect.NativeMethodAccessorImpl.invoke(NativeMethodAccessorImpl.java:62)
at java.base/jdk.internal.reflect.DelegatingMethodAccessorImpl.invoke(DelegatingMethodAccessorImpl.java:43)
at java.base/java.lang.reflect.Method.invoke(Method.java:566)
at org.apache.maven.surefire.util.ReflectionUtils.invokeMethodWithArray(ReflectionUtils.java:189)
at org.apache.maven.surefire.booter.ProviderFactory$ProviderProxy.invoke(ProviderFactory.java:165)
at org.apache.maven.surefire.booter.ProviderFactory.invokeProvider(ProviderFactory.java:85)
at org.apache.maven.surefire.booter.ForkedBooter.runSuitesInProcess(ForkedBooter.java:115)
at org.apache.maven.surefire.booter.ForkedBooter.main(ForkedBooter.java:75)
]]>
            </full-stacktrace>
          </exception> <!-- java.lang.AssertionError -->
          <reporter-output>
          </reporter-output>
        </test-method> <!-- deleteUserStatusService -->
        <test-method signature="getIDUserStatusService()[pri:0, instance:com.tests.allure.UserStatusServiceTest@ccb4b1b]" started-at="2023-04-10T14:03:12 EET" name="getIDUserStatusService" finished-at="2023-04-10T14:03:13 EET" duration-ms="1743" status="PASS">
          <reporter-output>
          </reporter-output>
        </test-method> <!-- getIDUserStatusService -->
        <test-method signature="getUserStatusService()[pri:0, instance:com.tests.allure.UserStatusServiceTest@ccb4b1b]" started-at="2023-04-10T14:03:13 EET" name="getUserStatusService" finished-at="2023-04-10T14:03:15 EET" duration-ms="1059" status="PASS">
          <reporter-output>
          </reporter-output>
        </test-method> <!-- getUserStatusService -->
        <test-method signature="negativePostNameIsSpaceUserStatusService()[pri:0, instance:com.tests.allure.UserStatusServiceTest@ccb4b1b]" started-at="2023-04-10T14:03:15 EET" name="negativePostNameIsSpaceUserStatusService" finished-at="2023-04-10T14:03:16 EET" duration-ms="1756" status="PASS">
          <reporter-output>
          </reporter-output>
        </test-method> <!-- negativePostNameIsSpaceUserStatusService -->
        <test-method signature="negativePostNotDescriptionUserStatusService()[pri:0, instance:com.tests.allure.UserStatusServiceTest@ccb4b1b]" started-at="2023-04-10T14:03:16 EET" name="negativePostNotDescriptionUserStatusService" finished-at="2023-04-10T14:03:18 EET" duration-ms="1810" status="PASS">
          <reporter-output>
          </reporter-output>
        </test-method> <!-- negativePostNotDescriptionUserStatusService -->
        <test-method signature="negativePostUserIDStatusService()[pri:0, instance:com.tests.allure.UserStatusServiceTest@ccb4b1b]" started-at="2023-04-10T14:03:18 EET" name="negativePostUserIDStatusService" finished-at="2023-04-10T14:03:19 EET" duration-ms="886" status="PASS">
          <reporter-output>
          </reporter-output>
        </test-method> <!-- negativePostUserIDStatusService -->
        <test-method signature="negativePostUserStatusService()[pri:0, instance:com.tests.allure.UserStatusServiceTest@ccb4b1b]" started-at="2023-04-10T14:03:19 EET" name="negativePostUserStatusService" finished-at="2023-04-10T14:03:20 EET" duration-ms="875" status="PASS">
          <reporter-output>
          </reporter-output>
        </test-method> <!-- negativePostUserStatusService -->
        <test-method signature="negativePutUserStatusService()[pri:0, instance:com.tests.allure.UserStatusServiceTest@ccb4b1b]" started-at="2023-04-10T14:03:20 EET" name="negativePutUserStatusService" finished-at="2023-04-10T14:03:23 EET" duration-ms="2669" status="PASS">
          <reporter-output>
          </reporter-output>
        </test-method> <!-- negativePutUserStatusService -->
        <test-method signature="postUserStatusService()[pri:0, instance:com.tests.allure.UserStatusServiceTest@ccb4b1b]" started-at="2023-04-10T14:03:23 EET" name="postUserStatusService" finished-at="2023-04-10T14:03:25 EET" duration-ms="2650" status="PASS">
          <reporter-output>
          </reporter-output>
        </test-method> <!-- postUserStatusService -->
        <test-method signature="putUserStatusService()[pri:0, instance:com.tests.allure.UserStatusServiceTest@ccb4b1b]" started-at="2023-04-10T14:03:25 EET" name="putUserStatusService" finished-at="2023-04-10T14:03:28 EET" duration-ms="2680" status="PASS">
          <reporter-output>
          </reporter-output>
        </test-method> <!-- putUserStatusService -->
      </class> <!-- com.tests.allure.UserStatusServiceTest -->
      <class name="com.tests.allure.CountryServiceTest">
        <test-method is-config="true" signature="beToken()[pri:0, instance:com.tests.allure.CountryServiceTest@736caf7a]" started-at="2023-04-10T14:02:41 EET" name="beToken" finished-at="2023-04-10T14:02:55 EET" duration-ms="14644" status="PASS">
          <reporter-output>
          </reporter-output>
        </test-method> <!-- beToken -->
        <test-method signature="getAllCountry()[pri:0, instance:com.tests.allure.CountryServiceTest@736caf7a]" started-at="2023-04-10T14:02:56 EET" name="getAllCountry" finished-at="2023-04-10T14:02:58 EET" duration-ms="2719" status="PASS">
          <reporter-output>
          </reporter-output>
        </test-method> <!-- getAllCountry -->
        <test-method signature="getIDCountry()[pri:0, instance:com.tests.allure.CountryServiceTest@736caf7a]" started-at="2023-04-10T14:02:59 EET" name="getIDCountry" finished-at="2023-04-10T14:03:00 EET" duration-ms="1310" status="PASS">
          <reporter-output>
          </reporter-output>
        </test-method> <!-- getIDCountry -->
        <test-method signature="getNonIDCountry()[pri:0, instance:com.tests.allure.CountryServiceTest@736caf7a]" started-at="2023-04-10T14:03:00 EET" name="getNonIDCountry" finished-at="2023-04-10T14:03:01 EET" duration-ms="919" status="FAIL">
          <exception class="java.lang.AssertionError">
            <message>
              <![CDATA[Country Bulundu  expected [false] but found [true]]]>
            </message>
            <full-stacktrace>
              <![CDATA[java.lang.AssertionError: Country Bulundu  expected [false] but found [true]
at org.testng.Assert.fail(Assert.java:110)
at org.testng.Assert.failNotEquals(Assert.java:1577)
at org.testng.Assert.assertFalse(Assert.java:78)
at com.tests.allure.CountryServiceTest.getNonIDCountry(CountryServiceTest.java:67)
at java.base/jdk.internal.reflect.NativeMethodAccessorImpl.invoke0(Native Method)
at java.base/jdk.internal.reflect.NativeMethodAccessorImpl.invoke(NativeMethodAccessorImpl.java:62)
at java.base/jdk.internal.reflect.DelegatingMethodAccessorImpl.invoke(DelegatingMethodAccessorImpl.java:43)
at java.base/java.lang.reflect.Method.invoke(Method.java:566)
at org.testng.internal.invokers.MethodInvocationHelper.invokeMethod(MethodInvocationHelper.java:139)
at org.testng.internal.invokers.TestInvoker.invokeMethod(TestInvoker.java:677)
at org.testng.internal.invokers.TestInvoker.invokeTestMethod(TestInvoker.java:221)
at org.testng.internal.invokers.MethodRunner.runInSequence(MethodRunner.java:50)
at org.testng.internal.invokers.TestInvoker$MethodInvocationAgent.invoke(TestInvoker.java:969)
at org.testng.internal.invokers.TestInvoker.invokeTestMethods(TestInvoker.java:194)
at org.testng.internal.invokers.TestMethodWorker.invokeTestMethods(TestMethodWorker.java:148)
at org.testng.internal.invokers.TestMethodWorker.run(TestMethodWorker.java:128)
at java.base/java.util.ArrayList.forEach(ArrayList.java:1541)
at org.testng.TestRunner.privateRun(TestRunner.java:829)
at org.testng.TestRunner.run(TestRunner.java:602)
at org.testng.SuiteRunner.runTest(SuiteRunner.java:437)
at org.testng.SuiteRunner.runSequentially(SuiteRunner.java:431)
at org.testng.SuiteRunner.privateRun(SuiteRunner.java:391)
at org.testng.SuiteRunner.run(SuiteRunner.java:330)
at org.testng.SuiteRunnerWorker.runSuite(SuiteRunnerWorker.java:52)
at org.testng.SuiteRunnerWorker.run(SuiteRunnerWorker.java:95)
at org.testng.TestNG.runSuitesSequentially(TestNG.java:1256)
at org.testng.TestNG.runSuitesLocally(TestNG.java:1176)
at org.testng.TestNG.runSuites(TestNG.java:1099)
at org.testng.TestNG.run(TestNG.java:1067)
at org.apache.maven.surefire.testng.TestNGExecutor.run(TestNGExecutor.java:178)
at org.apache.maven.surefire.testng.TestNGXmlTestSuite.execute(TestNGXmlTestSuite.java:92)
at org.apache.maven.surefire.testng.TestNGProvider.invoke(TestNGProvider.java:96)
at java.base/jdk.internal.reflect.NativeMethodAccessorImpl.invoke0(Native Method)
at java.base/jdk.internal.reflect.NativeMethodAccessorImpl.invoke(NativeMethodAccessorImpl.java:62)
at java.base/jdk.internal.reflect.DelegatingMethodAccessorImpl.invoke(DelegatingMethodAccessorImpl.java:43)
at java.base/java.lang.reflect.Method.invoke(Method.java:566)
at org.apache.maven.surefire.util.ReflectionUtils.invokeMethodWithArray(ReflectionUtils.java:189)
at org.apache.maven.surefire.booter.ProviderFactory$ProviderProxy.invoke(ProviderFactory.java:165)
at org.apache.maven.surefire.booter.ProviderFactory.invokeProvider(ProviderFactory.java:85)
at org.apache.maven.surefire.booter.ForkedBooter.runSuitesInProcess(ForkedBooter.java:115)
at org.apache.maven.surefire.booter.ForkedBooter.main(ForkedBooter.java:75)
]]>
            </full-stacktrace>
          </exception> <!-- java.lang.AssertionError -->
          <reporter-output>
          </reporter-output>
        </test-method> <!-- getNonIDCountry -->
      </class> <!-- com.tests.allure.CountryServiceTest -->
    </test> <!-- User Tests -->
  </suite> <!-- Test Suite -->
</testng-results>
